     Assembly listing for: Multiplication_Calculator.mas
                Assembled: Mon Apr 16 09:46:28 COT 2018

         |                          / Multiplication Calculator
         |                          / by the MARIE.js Team
         |                          / Copyright (C) 2016. Licensed under the MIT License
         |                          
         |                          / Prompt user to type in integers
000 5000 |         INPUT             
001 200F |         STORE X           
002 5000 |         INPUT             
003 2010 |         STORE Y           
         |                          
         |                          / Loop for performing iterative addition
004 1011 |  loop   LOAD num          
005 300F |         ADD X             
006 2011 |         STORE num         
         |                          
007 1010 |         LOAD Y            
008 4012 |         SUBT one          
009 2010 |         STORE Y           
         |                          
00A 8400 |         SKIPCOND 400     / have we completed the multiplication?
00B 9004 |         JUMP loop        / no; repeat loop
         |                                   / yes, so exit the loop
         |                          
         |                          / Output result to user then halt program
00C 1011 |         LOAD num          
00D 6000 |         OUTPUT            
00E 7000 |         HALT              
         |                          
00F 0000 |  X      DEC 0             
010 0000 |  Y      DEC 0             
011 0000 |  num    DEC 0             
012 0001 |  one    DEC 1             

Assembly successful.

         SYMBOL TABLE
         --------------------------------------------------
          Symbol | Defined | References 
         --------+---------+-------------------------------
          X      |   00F   | 001, 005
          Y      |   010   | 003, 007, 009
          loop   |   004   | 00B
          num    |   011   | 004, 006, 00C
          one    |   012   | 008
         --------------------------------------------------

